<?xml version="1.0" encoding="UTF-8"?>
<!-- Generated by org.testng.reporters.JUnitReportReporter -->
<testsuite hostname="DESKTOP-8ITLO1N" failures="0" tests="1" name="sdet.Get01" time="5.672" errors="0" timestamp="2021-05-29T17:50:04 EET" skipped="0">
  <testcase classname="sdet.Get01" name="getAllEmployee" time="5.672"/>
  <system-out/>
</testsuite> <!-- sdet.Get01 -->
