<?xml version="1.0" encoding="UTF-8"?>
<!-- Generated by org.testng.reporters.JUnitReportReporter -->
<testsuite hostname="DESKTOP-Q46E122" failures="0" tests="1" name="devqa.Post01_Request" time="11.273" errors="0" timestamp="2021-06-01T16:10:23 TRT" skipped="0">
  <testcase classname="devqa.Post01_Request" name="postRequest" time="11.273"/>
  <system-out/>
</testsuite> <!-- devqa.Post01_Request -->
