<?xml version="1.0" encoding="UTF-8"?>
<!-- Generated by org.testng.reporters.JUnitReportReporter -->
<testsuite hostname="DESKTOP-8ITLO1N" failures="0" tests="1" name="APITestingusingRestAssured.APITestingusingRestAssured.TC002_POST_Request" time="4.499" errors="0" timestamp="2021-05-29T08:43:00 EET" skipped="0">
  <testcase classname="APITestingusingRestAssured.APITestingusingRestAssured.TC002_POST_Request" name="RegistrationSuccessful" time="4.499"/>
  <system-out/>
</testsuite> <!-- APITestingusingRestAssured.APITestingusingRestAssured.TC002_POST_Request -->
