<?xml version="1.0" encoding="UTF-8"?>
<!-- Generated by org.testng.reporters.JUnitReportReporter -->
<testsuite hostname="DESKTOP-8ITLO1N" failures="0" tests="1" name="APITestingusingRestAssured.APITestingusingRestAssured.TC001_GET_Request" time="3.267" errors="0" timestamp="2021-05-29T11:19:19 EET" skipped="0">
  <testcase classname="APITestingusingRestAssured.APITestingusingRestAssured.TC001_GET_Request" name="getWeatherDetails" time="3.267"/>
  <system-out/>
</testsuite> <!-- APITestingusingRestAssured.APITestingusingRestAssured.TC001_GET_Request -->
