<?xml version="1.0" encoding="UTF-8"?>
<!-- Generated by org.testng.reporters.JUnitReportReporter -->
<testsuite hostname="DESKTOP-8ITLO1N" failures="0" tests="1" name="APITestingusingRestAssured.APITestingusingRestAssured.TC004_GET_All_header_Print" time="3.635" errors="0" timestamp="2021-05-29T11:38:16 EET" skipped="0">
  <testcase classname="APITestingusingRestAssured.APITestingusingRestAssured.TC004_GET_All_header_Print" name="getWeatherDetails" time="3.635"/>
  <system-out/>
</testsuite> <!-- APITestingusingRestAssured.APITestingusingRestAssured.TC004_GET_All_header_Print -->
