<?xml version="1.0" encoding="UTF-8"?>
<!-- Generated by org.testng.reporters.JUnitReportReporter -->
<testsuite hostname="DESKTOP-8ITLO1N" failures="0" tests="1" name="APITestingusingRestAssured.APITestingusingRestAssured.TC005_GET_json_Validation" time="3.385" errors="0" timestamp="2021-05-29T11:59:22 EET" skipped="0">
  <testcase classname="APITestingusingRestAssured.APITestingusingRestAssured.TC005_GET_json_Validation" name="getWeatherDetails" time="3.385"/>
  <system-out/>
</testsuite> <!-- APITestingusingRestAssured.APITestingusingRestAssured.TC005_GET_json_Validation -->
