<?xml version="1.0" encoding="UTF-8"?>
<!-- Generated by org.testng.reporters.JUnitReportReporter -->
<testsuite hostname="DESKTOP-8ITLO1N" failures="0" tests="1" name="APITestingusingRestAssured.APITestingusingRestAssured.TC006_GET_Validation_each_json" time="4.727" errors="0" timestamp="2021-05-29T12:22:59 EET" skipped="0">
  <testcase classname="APITestingusingRestAssured.APITestingusingRestAssured.TC006_GET_Validation_each_json" name="getWeatherDetails" time="4.727"/>
  <system-out/>
</testsuite> <!-- APITestingusingRestAssured.APITestingusingRestAssured.TC006_GET_Validation_each_json -->
