<?xml version="1.0" encoding="UTF-8"?>
<!-- Generated by org.testng.reporters.JUnitReportReporter -->
<testsuite hostname="DESKTOP-Q46E122" failures="0" tests="2" name="devqa.Get01_request" time="5.108" errors="0" timestamp="2021-06-01T14:16:25 TRT" skipped="0">
  <testcase classname="devqa.Get01_request" name="getRequest" time="4.567"/>
  <system-out/>
  <testcase classname="devqa.Get01_request" name="getRequestWithQueryParams" time="0.541"/>
  <system-out/>
</testsuite> <!-- devqa.Get01_request -->
